|-(A)->((B)->((C)->((D)->(A))))
(A)->((A)->(A))
((A)->((A)->(A)))->((A)->(((A)->(A))->(A)))->((A)->(A))
((A)->(((A)->(A))->(A)))->((A)->(A))
((A)->(((A)->(A))->(A)))
((A)->(A))
(A)->((B)->(A))
((A)->((B)->(A)))->((A)->((A)->((B)->(A))))
(A)->((A)->((B)->(A)))
((A)->(A))->(((A)->((A)->((B)->(A))))->((A)->((B)->(A))))
(((A)->((A)->((B)->(A))))->((A)->((B)->(A))))
(A)->((B)->(A))
(A)->((C)->(A))
((A)->((C)->(A)))->((A)->((A)->((C)->(A))))
(A)->((A)->((C)->(A)))
((A)->((C)->(A)))->((B)->((A)->((C)->(A))))
(((A)->((C)->(A)))->((B)->((A)->((C)->(A)))))->((A)->(((A)->((C)->(A)))->((B)->((A)->((C)->(A))))))
(A)->(((A)->((C)->(A)))->((B)->((A)->((C)->(A)))))
((A)->((A)->((C)->(A))))->(((A)->(((A)->((C)->(A)))->((B)->((A)->((C)->(A))))))->((A)->((B)->((A)->((C)->(A))))))
(((A)->(((A)->((C)->(A)))->((B)->((A)->((C)->(A))))))->((A)->((B)->((A)->((C)->(A))))))
(A)->((B)->((A)->((C)->(A))))
((B)->(A))->(((B)->((A)->((C)->(A))))->((B)->((C)->(A))))
(((B)->(A))->(((B)->((A)->((C)->(A))))->((B)->((C)->(A)))))->((A)->(((B)->(A))->(((B)->((A)->((C)->(A))))->((B)->((C)->(A))))))
(A)->(((B)->(A))->(((B)->((A)->((C)->(A))))->((B)->((C)->(A)))))
((A)->((B)->(A)))->(((A)->(((B)->(A))->((((B)->((A)->((C)->(A))))->((B)->((C)->(A)))))))->((A)->((((B)->((A)->((C)->(A))))->((B)->((C)->(A)))))))
(((A)->(((B)->(A))->((((B)->((A)->((C)->(A))))->((B)->((C)->(A)))))))->((A)->((((B)->((A)->((C)->(A))))->((B)->((C)->(A)))))))
(A)->((((B)->((A)->((C)->(A))))->((B)->((C)->(A)))))
((A)->((B)->((A)->((C)->(A)))))->(((A)->(((B)->((A)->((C)->(A))))->((B)->((C)->(A)))))->((A)->((B)->((C)->(A)))))
(((A)->(((B)->((A)->((C)->(A))))->((B)->((C)->(A)))))->((A)->((B)->((C)->(A)))))
(A)->((B)->((C)->(A)))
(A)->((D)->(A))
((A)->((D)->(A)))->((A)->((A)->((D)->(A))))
(A)->((A)->((D)->(A)))
((A)->((D)->(A)))->((B)->((A)->((D)->(A))))
(((A)->((D)->(A)))->((B)->((A)->((D)->(A)))))->((A)->(((A)->((D)->(A)))->((B)->((A)->((D)->(A))))))
(A)->(((A)->((D)->(A)))->((B)->((A)->((D)->(A)))))
((A)->((A)->((D)->(A))))->(((A)->(((A)->((D)->(A)))->((B)->((A)->((D)->(A))))))->((A)->((B)->((A)->((D)->(A))))))
(((A)->(((A)->((D)->(A)))->((B)->((A)->((D)->(A))))))->((A)->((B)->((A)->((D)->(A))))))
(A)->((B)->((A)->((D)->(A))))
((A)->((D)->(A)))->((C)->((A)->((D)->(A))))
(((A)->((D)->(A)))->((C)->((A)->((D)->(A)))))->((A)->(((A)->((D)->(A)))->((C)->((A)->((D)->(A))))))
(A)->(((A)->((D)->(A)))->((C)->((A)->((D)->(A)))))
(((A)->((D)->(A)))->((C)->((A)->((D)->(A)))))->((B)->(((A)->((D)->(A)))->((C)->((A)->((D)->(A))))))
((((A)->((D)->(A)))->((C)->((A)->((D)->(A)))))->((B)->(((A)->((D)->(A)))->((C)->((A)->((D)->(A)))))))->((A)->((((A)->((D)->(A)))->((C)->((A)->((D)->(A)))))->((B)->(((A)->((D)->(A)))->((C)->((A)->((D)->(A))))))))
(A)->((((A)->((D)->(A)))->((C)->((A)->((D)->(A)))))->((B)->(((A)->((D)->(A)))->((C)->((A)->((D)->(A)))))))
((A)->(((A)->((D)->(A)))->((C)->((A)->((D)->(A))))))->(((A)->((((A)->((D)->(A)))->((C)->((A)->((D)->(A)))))->((B)->(((A)->((D)->(A)))->((C)->((A)->((D)->(A))))))))->((A)->((B)->(((A)->((D)->(A)))->((C)->((A)->((D)->(A))))))))
(((A)->((((A)->((D)->(A)))->((C)->((A)->((D)->(A)))))->((B)->(((A)->((D)->(A)))->((C)->((A)->((D)->(A))))))))->((A)->((B)->(((A)->((D)->(A)))->((C)->((A)->((D)->(A))))))))
(A)->((B)->(((A)->((D)->(A)))->((C)->((A)->((D)->(A))))))
((B)->((A)->((D)->(A))))->(((B)->(((A)->((D)->(A)))->((C)->((A)->((D)->(A))))))->((B)->((C)->((A)->((D)->(A))))))
(((B)->((A)->((D)->(A))))->(((B)->(((A)->((D)->(A)))->((C)->((A)->((D)->(A))))))->((B)->((C)->((A)->((D)->(A)))))))->((A)->(((B)->((A)->((D)->(A))))->(((B)->(((A)->((D)->(A)))->((C)->((A)->((D)->(A))))))->((B)->((C)->((A)->((D)->(A))))))))
(A)->(((B)->((A)->((D)->(A))))->(((B)->(((A)->((D)->(A)))->((C)->((A)->((D)->(A))))))->((B)->((C)->((A)->((D)->(A)))))))
((A)->((B)->((A)->((D)->(A)))))->(((A)->(((B)->((A)->((D)->(A))))->((((B)->(((A)->((D)->(A)))->((C)->((A)->((D)->(A))))))->((B)->((C)->((A)->((D)->(A)))))))))->((A)->((((B)->(((A)->((D)->(A)))->((C)->((A)->((D)->(A))))))->((B)->((C)->((A)->((D)->(A)))))))))
(((A)->(((B)->((A)->((D)->(A))))->((((B)->(((A)->((D)->(A)))->((C)->((A)->((D)->(A))))))->((B)->((C)->((A)->((D)->(A)))))))))->((A)->((((B)->(((A)->((D)->(A)))->((C)->((A)->((D)->(A))))))->((B)->((C)->((A)->((D)->(A)))))))))
(A)->((((B)->(((A)->((D)->(A)))->((C)->((A)->((D)->(A))))))->((B)->((C)->((A)->((D)->(A)))))))
((A)->((B)->(((A)->((D)->(A)))->((C)->((A)->((D)->(A)))))))->(((A)->(((B)->(((A)->((D)->(A)))->((C)->((A)->((D)->(A))))))->((B)->((C)->((A)->((D)->(A)))))))->((A)->((B)->((C)->((A)->((D)->(A)))))))
(((A)->(((B)->(((A)->((D)->(A)))->((C)->((A)->((D)->(A))))))->((B)->((C)->((A)->((D)->(A)))))))->((A)->((B)->((C)->((A)->((D)->(A)))))))
(A)->((B)->((C)->((A)->((D)->(A)))))
((C)->(A))->(((C)->((A)->((D)->(A))))->((C)->((D)->(A))))
(((C)->(A))->(((C)->((A)->((D)->(A))))->((C)->((D)->(A)))))->((A)->(((C)->(A))->(((C)->((A)->((D)->(A))))->((C)->((D)->(A))))))
(A)->(((C)->(A))->(((C)->((A)->((D)->(A))))->((C)->((D)->(A)))))
(((C)->(A))->(((C)->((A)->((D)->(A))))->((C)->((D)->(A)))))->((B)->(((C)->(A))->(((C)->((A)->((D)->(A))))->((C)->((D)->(A))))))
((((C)->(A))->(((C)->((A)->((D)->(A))))->((C)->((D)->(A)))))->((B)->(((C)->(A))->(((C)->((A)->((D)->(A))))->((C)->((D)->(A)))))))->((A)->((((C)->(A))->(((C)->((A)->((D)->(A))))->((C)->((D)->(A)))))->((B)->(((C)->(A))->(((C)->((A)->((D)->(A))))->((C)->((D)->(A))))))))
(A)->((((C)->(A))->(((C)->((A)->((D)->(A))))->((C)->((D)->(A)))))->((B)->(((C)->(A))->(((C)->((A)->((D)->(A))))->((C)->((D)->(A)))))))
((A)->(((C)->(A))->(((C)->((A)->((D)->(A))))->((C)->((D)->(A))))))->(((A)->((((C)->(A))->(((C)->((A)->((D)->(A))))->((C)->((D)->(A)))))->((B)->(((C)->(A))->(((C)->((A)->((D)->(A))))->((C)->((D)->(A))))))))->((A)->((B)->(((C)->(A))->(((C)->((A)->((D)->(A))))->((C)->((D)->(A))))))))
(((A)->((((C)->(A))->(((C)->((A)->((D)->(A))))->((C)->((D)->(A)))))->((B)->(((C)->(A))->(((C)->((A)->((D)->(A))))->((C)->((D)->(A))))))))->((A)->((B)->(((C)->(A))->(((C)->((A)->((D)->(A))))->((C)->((D)->(A))))))))
(A)->((B)->(((C)->(A))->(((C)->((A)->((D)->(A))))->((C)->((D)->(A))))))
((B)->((C)->(A)))->(((B)->(((C)->(A))->((((C)->((A)->((D)->(A))))->((C)->((D)->(A)))))))->((B)->((((C)->((A)->((D)->(A))))->((C)->((D)->(A)))))))
(((B)->((C)->(A)))->(((B)->(((C)->(A))->((((C)->((A)->((D)->(A))))->((C)->((D)->(A)))))))->((B)->((((C)->((A)->((D)->(A))))->((C)->((D)->(A))))))))->((A)->(((B)->((C)->(A)))->(((B)->(((C)->(A))->((((C)->((A)->((D)->(A))))->((C)->((D)->(A)))))))->((B)->((((C)->((A)->((D)->(A))))->((C)->((D)->(A)))))))))
(A)->(((B)->((C)->(A)))->(((B)->(((C)->(A))->((((C)->((A)->((D)->(A))))->((C)->((D)->(A)))))))->((B)->((((C)->((A)->((D)->(A))))->((C)->((D)->(A))))))))
((A)->((B)->((C)->(A))))->(((A)->(((B)->((C)->(A)))->((((B)->(((C)->(A))->((((C)->((A)->((D)->(A))))->((C)->((D)->(A)))))))->((B)->((((C)->((A)->((D)->(A))))->((C)->((D)->(A))))))))))->((A)->((((B)->(((C)->(A))->((((C)->((A)->((D)->(A))))->((C)->((D)->(A)))))))->((B)->((((C)->((A)->((D)->(A))))->((C)->((D)->(A))))))))))
(((A)->(((B)->((C)->(A)))->((((B)->(((C)->(A))->((((C)->((A)->((D)->(A))))->((C)->((D)->(A)))))))->((B)->((((C)->((A)->((D)->(A))))->((C)->((D)->(A))))))))))->((A)->((((B)->(((C)->(A))->((((C)->((A)->((D)->(A))))->((C)->((D)->(A)))))))->((B)->((((C)->((A)->((D)->(A))))->((C)->((D)->(A))))))))))
(A)->((((B)->(((C)->(A))->((((C)->((A)->((D)->(A))))->((C)->((D)->(A)))))))->((B)->((((C)->((A)->((D)->(A))))->((C)->((D)->(A))))))))
((A)->((B)->(((C)->(A))->(((C)->((A)->((D)->(A))))->((C)->((D)->(A)))))))->(((A)->(((B)->(((C)->(A))->(((C)->((A)->((D)->(A))))->((C)->((D)->(A))))))->((B)->((((C)->((A)->((D)->(A))))->((C)->((D)->(A))))))))->((A)->((B)->((((C)->((A)->((D)->(A))))->((C)->((D)->(A))))))))
(((A)->(((B)->(((C)->(A))->(((C)->((A)->((D)->(A))))->((C)->((D)->(A))))))->((B)->((((C)->((A)->((D)->(A))))->((C)->((D)->(A))))))))->((A)->((B)->((((C)->((A)->((D)->(A))))->((C)->((D)->(A))))))))
(A)->((B)->((((C)->((A)->((D)->(A))))->((C)->((D)->(A))))))
((B)->((C)->((A)->((D)->(A)))))->(((B)->(((C)->((A)->((D)->(A))))->((C)->((D)->(A)))))->((B)->((C)->((D)->(A)))))
(((B)->((C)->((A)->((D)->(A)))))->(((B)->(((C)->((A)->((D)->(A))))->((C)->((D)->(A)))))->((B)->((C)->((D)->(A))))))->((A)->(((B)->((C)->((A)->((D)->(A)))))->(((B)->(((C)->((A)->((D)->(A))))->((C)->((D)->(A)))))->((B)->((C)->((D)->(A)))))))
(A)->(((B)->((C)->((A)->((D)->(A)))))->(((B)->(((C)->((A)->((D)->(A))))->((C)->((D)->(A)))))->((B)->((C)->((D)->(A))))))
((A)->((B)->((C)->((A)->((D)->(A))))))->(((A)->(((B)->((C)->((A)->((D)->(A)))))->((((B)->(((C)->((A)->((D)->(A))))->((C)->((D)->(A)))))->((B)->((C)->((D)->(A))))))))->((A)->((((B)->(((C)->((A)->((D)->(A))))->((C)->((D)->(A)))))->((B)->((C)->((D)->(A))))))))
(((A)->(((B)->((C)->((A)->((D)->(A)))))->((((B)->(((C)->((A)->((D)->(A))))->((C)->((D)->(A)))))->((B)->((C)->((D)->(A))))))))->((A)->((((B)->(((C)->((A)->((D)->(A))))->((C)->((D)->(A)))))->((B)->((C)->((D)->(A))))))))
(A)->((((B)->(((C)->((A)->((D)->(A))))->((C)->((D)->(A)))))->((B)->((C)->((D)->(A))))))
((A)->((B)->((((C)->((A)->((D)->(A))))->((C)->((D)->(A)))))))->(((A)->(((B)->((((C)->((A)->((D)->(A))))->((C)->((D)->(A))))))->((B)->((C)->((D)->(A))))))->((A)->((B)->((C)->((D)->(A))))))
(((A)->(((B)->((((C)->((A)->((D)->(A))))->((C)->((D)->(A))))))->((B)->((C)->((D)->(A))))))->((A)->((B)->((C)->((D)->(A))))))
(A)->((B)->((C)->((D)->(A))))
